c:\users\martin\source\repos\sdl2_prototype\release\vc142.pdb
c:\users\martin\source\repos\sdl2_prototype\release\source.obj
c:\users\martin\source\repos\sdl2_prototype-v0.01\release\vc142.pdb
c:\users\martin\source\repos\sdl2_prototype-v0.01\release\source.obj
c:\users\martin\source\repos\sdl2_prototype\release\sdl2_prototype.exe
c:\users\martin\source\repos\sdl2_prototype\release\sdl2_prototype.pdb
c:\users\martin\source\repos\sdl2_prototype-v0.01\release\sdl2_prototype.exe
c:\users\martin\source\repos\sdl2_prototype-v0.01\release\sdl2_prototype.pdb
c:\users\martin\source\repos\sdl2_prototype\release\sdl2_prototype.res
c:\users\martin\source\repos\sdl2_prototype-v0.01\release\sdl2_prototype.res
c:\users\martin\source\repos\sdl2_prototype\release\sdl2_prototype.ipdb
c:\users\martin\source\repos\sdl2_prototype\release\sdl2_prototype.iobj
c:\users\martin\source\repos\sdl2_prototype-v0.01\release\sdl2_prototype.ipdb
c:\users\martin\source\repos\sdl2_prototype-v0.01\release\sdl2_prototype.iobj
c:\users\martin\source\repos\sdl2_prototype-v0.01\release\sdl2_prototype.tlog\cl.command.1.tlog
c:\users\martin\source\repos\sdl2_prototype-v0.01\release\sdl2_prototype.tlog\cl.read.1.tlog
c:\users\martin\source\repos\sdl2_prototype-v0.01\release\sdl2_prototype.tlog\cl.write.1.tlog
c:\users\martin\source\repos\sdl2_prototype-v0.01\release\sdl2_prototype.tlog\link.command.1.tlog
c:\users\martin\source\repos\sdl2_prototype-v0.01\release\sdl2_prototype.tlog\link.delete.1.tlog
c:\users\martin\source\repos\sdl2_prototype-v0.01\release\sdl2_prototype.tlog\link.read.1.tlog
c:\users\martin\source\repos\sdl2_prototype-v0.01\release\sdl2_prototype.tlog\link.write.1.tlog
c:\users\martin\source\repos\sdl2_prototype-v0.01\release\sdl2_prototype.tlog\rc.command.1.tlog
c:\users\martin\source\repos\sdl2_prototype-v0.01\release\sdl2_prototype.tlog\rc.read.1.tlog
c:\users\martin\source\repos\sdl2_prototype-v0.01\release\sdl2_prototype.tlog\rc.write.1.tlog
c:\users\martin\source\repos\sdl2_prototype-v0.01\release\sdl2_prototype.tlog\sdl2_prototype.write.1u.tlog
